********************************************************************************
DUPLICATOR-LITE PACKAGE-LOG: 2 de October de 2018 15:16
NOTICE: Do NOT post to public sites or forums 
********************************************************************************
VERSION:	1.2.48
WORDPRESS:	4.9.8
PHP INFO:	7.1.12 | SAPI: apache2handler
SERVER:		Apache/2.4.29 (Win32) OpenSSL/1.0.2n PHP/7.1.12 
PHP TIME LIMIT: (0) no time limit imposed 
PHP MAX MEMORY: 2048M (128M default) 
MEMORY STACK: 2MB 

********************************************************************************
DATABASE:
********************************************************************************
BUILD MODE:   MYSQLDUMP
MYSQLTIMEOUT: 5000
MYSQLDUMP:    Is Supported 
FILTERED: [] 
RESPONSE: Ran from C:/xampp/mysql/bin/mysqldump.exe 
TABLES: total:19 | filtered:0 | create:19 
SQL CREATED: 20181001_escola_435f22eb1d25cb271413_20181002151646_database.sql 
SQL FILE SIZE: 1.22MB (1276436) 
SQL FILE TIME: 2018-10-02 15:17:00 
SQL RUNTIME: 1.31 sec. 

******************************************************************************** 
ARCHIVE (ZIP): 
******************************************************************************** 
ARCHIVE DIR:  C:/xampp/htdocs/wp8 
ARCHIVE FILE: 20181001_escola_435f22eb1d25cb271413_20181002151646_archive.zip 
FILTERS: *OFF* 
DIRS:
	not set 
FILES:
	not set 
EXTS:  not set 
---------------------------------------- 
COMPRESSING 
SIZE:	90.38MB 
STATS:	Dirs 679 | Files 5,639 
SQL ADDED: 20181001_escola_435f22eb1d25cb271413_20181002151646_database.sql 
ZipArchive Object
(
    [status] => 0
    [statusSys] => 0
    [numFiles] => 6318
    [filename] => C:\xampp\htdocs\wp8\wp-snapshots\tmp\20181001_escola_435f22eb1d25cb271413_20181002151646_archive.zip
    [comment] => 
)
 
COMPRESSION RESULT: '1' 
COMPRESSED SIZE: 51.66MB 
ARCHIVE RUNTIME: 19.07 sec. 
MEMORY STACK: 4MB 

******************************************************************************** 
MAKE INSTALLER: 
******************************************************************************** 
Build Start 
Build Finished 
Preparing for use 
PACK SIZE:  
Template parsed with new data 
Complete [C:/xampp/htdocs/wp8/wp-snapshots/tmp/20181001_escola_435f22eb1d25cb271413_20181002151646_installer.php] 
Added to archive 

******************************************************************************** 
INTEGRITY CHECKS: 
******************************************************************************** 
SQL File: 1.22MB 
Installer File: 474.11KB 
Archive File: 51.66MB  

********************************************************************************
RECORD ID:[2]
TOTAL PROCESS RUNTIME: 21.19 sec.
PEAK PHP MEMORY USED: 4MB
DONE PROCESSING => 20181001_escola 2 de October de 2018 15:17
 
