********************************************************************************
DUPLICATOR-LITE PACKAGE-LOG: 3 de October de 2018 15:25
NOTICE: Do NOT post to public sites or forums 
********************************************************************************
VERSION:	1.2.48
WORDPRESS:	4.9.8
PHP INFO:	7.1.12 | SAPI: apache2handler
SERVER:		Apache/2.4.29 (Win32) OpenSSL/1.0.2n PHP/7.1.12 
PHP TIME LIMIT: (0) no time limit imposed 
PHP MAX MEMORY: 2048M (128M default) 
MEMORY STACK: 2MB 

********************************************************************************
DATABASE:
********************************************************************************
BUILD MODE:   MYSQLDUMP
MYSQLTIMEOUT: 5000
MYSQLDUMP:    Is Supported 
FILTERED: [] 
RESPONSE: Ran from C:/xampp/mysql/bin/mysqldump.exe 
TABLES: total:19 | filtered:0 | create:19 
SQL CREATED: 20181001_escola_0a299302e4eeef679925_20181003152529_database.sql 
SQL FILE SIZE: 1.79MB (1876809) 
SQL FILE TIME: 2018-10-03 15:25:46 
SQL RUNTIME: 1.34 sec. 

******************************************************************************** 
ARCHIVE (ZIP): 
******************************************************************************** 
ARCHIVE DIR:  C:/xampp/htdocs/wp8 
ARCHIVE FILE: 20181001_escola_0a299302e4eeef679925_20181003152529_archive.zip 
FILTERS: *OFF* 
DIRS:
	not set 
FILES:
	not set 
EXTS:  not set 
---------------------------------------- 
COMPRESSING 
SIZE:	101.82MB 
STATS:	Dirs 771 | Files 6,075 
SQL ADDED: 20181001_escola_0a299302e4eeef679925_20181003152529_database.sql 
ZipArchive Object
(
    [status] => 0
    [statusSys] => 0
    [numFiles] => 6846
    [filename] => C:\xampp\htdocs\wp8\wp-snapshots\tmp\20181001_escola_0a299302e4eeef679925_20181003152529_archive.zip
    [comment] => 
)
 
COMPRESSION RESULT: '1' 
COMPRESSED SIZE: 57.85MB 
ARCHIVE RUNTIME: 26.94 sec. 
MEMORY STACK: 4MB 

******************************************************************************** 
MAKE INSTALLER: 
******************************************************************************** 
Build Start 
Build Finished 
Preparing for use 
PACK SIZE:  
Template parsed with new data 
Complete [C:/xampp/htdocs/wp8/wp-snapshots/tmp/20181001_escola_0a299302e4eeef679925_20181003152529_installer.php] 
Added to archive 

******************************************************************************** 
INTEGRITY CHECKS: 
******************************************************************************** 
SQL File: 1.79MB 
Installer File: 474.12KB 
Archive File: 57.85MB  

********************************************************************************
RECORD ID:[3]
TOTAL PROCESS RUNTIME: 29.23 sec.
PEAK PHP MEMORY USED: 6MB
DONE PROCESSING => 20181001_escola 3 de October de 2018 15:26
 
